mode: set
github.com/JonClarke84/mealplannergo/main.go:49.13,54.16 3 0
github.com/JonClarke84/mealplannergo/main.go:54.16,57.3 2 0
github.com/JonClarke84/mealplannergo/main.go:60.2,60.68 1 0
github.com/JonClarke84/mealplannergo/main.go:60.68,62.17 2 0
github.com/JonClarke84/mealplannergo/main.go:62.17,65.4 2 0
github.com/JonClarke84/mealplannergo/main.go:67.3,68.17 2 0
github.com/JonClarke84/mealplannergo/main.go:68.17,71.4 2 0
github.com/JonClarke84/mealplannergo/main.go:73.3,74.17 2 0
github.com/JonClarke84/mealplannergo/main.go:74.17,77.4 2 0
github.com/JonClarke84/mealplannergo/main.go:79.3,84.28 2 0
github.com/JonClarke84/mealplannergo/main.go:87.2,89.72 2 0
github.com/JonClarke84/mealplannergo/main.go:89.72,90.39 1 0
github.com/JonClarke84/mealplannergo/main.go:90.39,93.4 2 0
github.com/JonClarke84/mealplannergo/main.go:95.3,97.32 3 0
github.com/JonClarke84/mealplannergo/main.go:97.32,100.9 3 0
github.com/JonClarke84/mealplannergo/main.go:103.3,103.56 1 0
github.com/JonClarke84/mealplannergo/main.go:103.56,106.4 2 0
github.com/JonClarke84/mealplannergo/main.go:108.3,114.53 3 0
github.com/JonClarke84/mealplannergo/main.go:117.2,117.81 1 0
github.com/JonClarke84/mealplannergo/main.go:117.81,118.39 1 0
github.com/JonClarke84/mealplannergo/main.go:118.39,121.4 2 0
github.com/JonClarke84/mealplannergo/main.go:123.3,123.25 1 0
github.com/JonClarke84/mealplannergo/main.go:123.25,126.18 3 0
github.com/JonClarke84/mealplannergo/main.go:126.18,129.5 2 0
github.com/JonClarke84/mealplannergo/main.go:130.4,131.58 2 0
github.com/JonClarke84/mealplannergo/main.go:135.3,135.27 1 0
github.com/JonClarke84/mealplannergo/main.go:135.27,137.63 2 0
github.com/JonClarke84/mealplannergo/main.go:137.63,140.5 2 0
github.com/JonClarke84/mealplannergo/main.go:141.4,142.18 2 0
github.com/JonClarke84/mealplannergo/main.go:142.18,145.5 2 0
github.com/JonClarke84/mealplannergo/main.go:147.4,148.58 2 0
github.com/JonClarke84/mealplannergo/main.go:152.2,152.86 1 0
github.com/JonClarke84/mealplannergo/main.go:152.86,153.39 1 0
github.com/JonClarke84/mealplannergo/main.go:153.39,156.4 2 0
github.com/JonClarke84/mealplannergo/main.go:157.3,160.32 3 0
github.com/JonClarke84/mealplannergo/main.go:160.32,163.9 3 0
github.com/JonClarke84/mealplannergo/main.go:166.3,167.17 2 0
github.com/JonClarke84/mealplannergo/main.go:167.17,170.4 2 0
github.com/JonClarke84/mealplannergo/main.go:172.3,173.17 2 0
github.com/JonClarke84/mealplannergo/main.go:173.17,176.4 2 0
github.com/JonClarke84/mealplannergo/main.go:177.3,177.66 1 0
github.com/JonClarke84/mealplannergo/main.go:180.2,180.86 1 0
github.com/JonClarke84/mealplannergo/main.go:180.86,181.34 1 0
github.com/JonClarke84/mealplannergo/main.go:181.34,184.4 2 0
github.com/JonClarke84/mealplannergo/main.go:186.3,188.17 3 0
github.com/JonClarke84/mealplannergo/main.go:188.17,191.4 2 0
github.com/JonClarke84/mealplannergo/main.go:194.3,195.17 2 0
github.com/JonClarke84/mealplannergo/main.go:195.17,198.4 2 0
github.com/JonClarke84/mealplannergo/main.go:200.3,200.31 1 0
github.com/JonClarke84/mealplannergo/main.go:203.2,203.86 1 0
github.com/JonClarke84/mealplannergo/main.go:203.86,204.39 1 0
github.com/JonClarke84/mealplannergo/main.go:204.39,207.4 2 0
github.com/JonClarke84/mealplannergo/main.go:209.3,211.32 3 0
github.com/JonClarke84/mealplannergo/main.go:211.32,214.9 3 0
github.com/JonClarke84/mealplannergo/main.go:217.3,218.17 2 0
github.com/JonClarke84/mealplannergo/main.go:218.17,221.4 2 0
github.com/JonClarke84/mealplannergo/main.go:223.3,224.66 2 0
github.com/JonClarke84/mealplannergo/main.go:228.2,229.58 2 0
github.com/JonClarke84/mealplannergo/main.go:229.58,231.3 1 0
github.com/JonClarke84/mealplannergo/main.go:234.2,234.41 1 0
github.com/JonClarke84/mealplannergo/mongo.go:19.44,25.16 4 0
github.com/JonClarke84/mealplannergo/mongo.go:25.16,26.13 1 0
github.com/JonClarke84/mealplannergo/mongo.go:30.2,30.115 1 0
github.com/JonClarke84/mealplannergo/mongo.go:30.115,31.13 1 0
github.com/JonClarke84/mealplannergo/mongo.go:33.2,35.20 2 0
github.com/JonClarke84/mealplannergo/mongo.go:38.72,48.16 4 0
github.com/JonClarke84/mealplannergo/mongo.go:48.16,50.3 1 0
github.com/JonClarke84/mealplannergo/mongo.go:53.2,54.45 2 0
github.com/JonClarke84/mealplannergo/mongo.go:54.45,56.3 1 0
github.com/JonClarke84/mealplannergo/mongo.go:59.2,60.40 2 0
github.com/JonClarke84/mealplannergo/mongo.go:60.40,61.42 1 0
github.com/JonClarke84/mealplannergo/mongo.go:61.42,63.4 1 0
github.com/JonClarke84/mealplannergo/mongo.go:66.2,66.32 1 0
github.com/JonClarke84/mealplannergo/mongo.go:69.97,71.16 2 0
github.com/JonClarke84/mealplannergo/mongo.go:71.16,74.3 2 0
github.com/JonClarke84/mealplannergo/mongo.go:75.2,75.36 1 0
github.com/JonClarke84/mealplannergo/mongo.go:75.36,76.26 1 0
github.com/JonClarke84/mealplannergo/mongo.go:76.26,78.4 1 0
github.com/JonClarke84/mealplannergo/mongo.go:80.2,80.32 1 0
github.com/JonClarke84/mealplannergo/mongo.go:83.70,88.16 5 0
github.com/JonClarke84/mealplannergo/mongo.go:88.16,90.3 1 0
github.com/JonClarke84/mealplannergo/mongo.go:91.2,91.12 1 0
github.com/JonClarke84/mealplannergo/mongo.go:94.91,96.20 1 0
github.com/JonClarke84/mealplannergo/mongo.go:96.20,98.3 1 0
github.com/JonClarke84/mealplannergo/mongo.go:101.2,117.16 6 0
github.com/JonClarke84/mealplannergo/mongo.go:117.16,120.3 2 0
github.com/JonClarke84/mealplannergo/mongo.go:123.2,125.21 2 0
github.com/JonClarke84/mealplannergo/mongo.go:128.86,135.16 4 0
github.com/JonClarke84/mealplannergo/mongo.go:135.16,138.3 2 0
github.com/JonClarke84/mealplannergo/mongo.go:140.2,140.12 1 0
github.com/JonClarke84/mealplannergo/mongo.go:143.108,155.16 8 0
github.com/JonClarke84/mealplannergo/mongo.go:155.16,158.3 2 0
github.com/JonClarke84/mealplannergo/mongo.go:159.2,159.36 1 0
github.com/JonClarke84/mealplannergo/mongo.go:159.36,160.27 1 0
github.com/JonClarke84/mealplannergo/mongo.go:160.27,162.4 1 0
github.com/JonClarke84/mealplannergo/mongo.go:164.2,164.30 1 0
github.com/JonClarke84/mealplannergo/mongo.go:167.75,172.86 4 0
github.com/JonClarke84/mealplannergo/mongo.go:172.86,175.3 2 0
github.com/JonClarke84/mealplannergo/mongo.go:177.2,180.91 2 0
github.com/JonClarke84/mealplannergo/mongo.go:180.91,183.3 2 0
github.com/JonClarke84/mealplannergo/mongo.go:185.2,185.43 1 0
github.com/JonClarke84/mealplannergo/mongo.go:185.43,189.87 3 0
github.com/JonClarke84/mealplannergo/mongo.go:189.87,192.4 2 0
github.com/JonClarke84/mealplannergo/mongo.go:195.2,195.12 1 0
github.com/JonClarke84/mealplannergo/mongo.go:198.103,208.16 6 0
github.com/JonClarke84/mealplannergo/mongo.go:208.16,212.3 3 0
github.com/JonClarke84/mealplannergo/mongo.go:214.2,215.16 2 0
github.com/JonClarke84/mealplannergo/mongo.go:215.16,218.3 2 0
github.com/JonClarke84/mealplannergo/mongo.go:220.2,220.30 1 0
github.com/JonClarke84/mealplannergo/mongo.go:223.58,230.16 5 0
github.com/JonClarke84/mealplannergo/mongo.go:230.16,233.3 2 0
github.com/JonClarke84/mealplannergo/mongo.go:234.2,234.22 1 0
github.com/JonClarke84/mealplannergo/mongo.go:237.69,242.33 3 0
github.com/JonClarke84/mealplannergo/mongo.go:242.33,244.17 2 0
github.com/JonClarke84/mealplannergo/mongo.go:244.17,246.4 1 0
github.com/JonClarke84/mealplannergo/mongo.go:247.3,247.42 1 0
github.com/JonClarke84/mealplannergo/mongo.go:251.2,255.16 4 0
github.com/JonClarke84/mealplannergo/mongo.go:255.16,258.3 2 0
github.com/JonClarke84/mealplannergo/mongo.go:260.2,260.12 1 0
github.com/JonClarke84/mealplannergo/pkg/db/tests/mockdb.go:18.71,21.2 2 0
github.com/JonClarke84/mealplannergo/pkg/db/tests/mockdb.go:24.94,27.2 2 0
github.com/JonClarke84/mealplannergo/pkg/db/tests/mockdb.go:30.60,33.2 2 0
github.com/JonClarke84/mealplannergo/pkg/db/tests/mockdb.go:36.88,39.2 2 0
github.com/JonClarke84/mealplannergo/pkg/db/tests/mockdb.go:42.76,45.2 2 0
github.com/JonClarke84/mealplannergo/pkg/db/tests/mockdb.go:48.105,51.2 2 0
github.com/JonClarke84/mealplannergo/pkg/db/tests/mockdb.go:54.65,57.2 2 0
github.com/JonClarke84/mealplannergo/pkg/db/tests/mockdb.go:60.100,63.2 2 0
github.com/JonClarke84/mealplannergo/pkg/db/tests/mockdb.go:66.57,69.2 2 0
github.com/JonClarke84/mealplannergo/pkg/db/tests/mockdb.go:72.66,75.2 2 0
github.com/JonClarke84/mealplannergo/pkg/db/tests/mockdb.go:78.26,80.2 1 0
github.com/JonClarke84/mealplannergo/pkg/db/tests/mockdb.go:18.71,21.2 2 1
github.com/JonClarke84/mealplannergo/pkg/db/tests/mockdb.go:24.94,27.2 2 0
github.com/JonClarke84/mealplannergo/pkg/db/tests/mockdb.go:30.60,33.2 2 1
github.com/JonClarke84/mealplannergo/pkg/db/tests/mockdb.go:36.88,39.2 2 1
github.com/JonClarke84/mealplannergo/pkg/db/tests/mockdb.go:42.76,45.2 2 0
github.com/JonClarke84/mealplannergo/pkg/db/tests/mockdb.go:48.105,51.2 2 1
github.com/JonClarke84/mealplannergo/pkg/db/tests/mockdb.go:54.65,57.2 2 1
github.com/JonClarke84/mealplannergo/pkg/db/tests/mockdb.go:60.100,63.2 2 1
github.com/JonClarke84/mealplannergo/pkg/db/tests/mockdb.go:66.57,69.2 2 1
github.com/JonClarke84/mealplannergo/pkg/db/tests/mockdb.go:72.66,75.2 2 1
github.com/JonClarke84/mealplannergo/pkg/db/tests/mockdb.go:78.26,80.2 1 0
github.com/JonClarke84/mealplannergo/pkg/handlers/handlers.go:22.38,27.2 1 1
github.com/JonClarke84/mealplannergo/pkg/handlers/handlers.go:30.71,32.16 2 1
github.com/JonClarke84/mealplannergo/pkg/handlers/handlers.go:32.16,36.3 3 1
github.com/JonClarke84/mealplannergo/pkg/handlers/handlers.go:38.2,39.16 2 1
github.com/JonClarke84/mealplannergo/pkg/handlers/handlers.go:39.16,43.3 3 1
github.com/JonClarke84/mealplannergo/pkg/handlers/handlers.go:45.2,46.16 2 1
github.com/JonClarke84/mealplannergo/pkg/handlers/handlers.go:46.16,51.3 4 0
github.com/JonClarke84/mealplannergo/pkg/handlers/handlers.go:53.2,58.27 2 1
github.com/JonClarke84/mealplannergo/pkg/handlers/handlers.go:62.71,63.38 1 1
github.com/JonClarke84/mealplannergo/pkg/handlers/handlers.go:63.38,67.3 3 0
github.com/JonClarke84/mealplannergo/pkg/handlers/handlers.go:69.2,71.31 3 1
github.com/JonClarke84/mealplannergo/pkg/handlers/handlers.go:71.31,74.8 3 1
github.com/JonClarke84/mealplannergo/pkg/handlers/handlers.go:77.2,77.52 1 1
github.com/JonClarke84/mealplannergo/pkg/handlers/handlers.go:77.52,80.3 2 1
github.com/JonClarke84/mealplannergo/pkg/handlers/handlers.go:82.2,88.52 3 1
github.com/JonClarke84/mealplannergo/pkg/handlers/handlers.go:92.79,93.38 1 1
github.com/JonClarke84/mealplannergo/pkg/handlers/handlers.go:93.38,97.3 3 0
github.com/JonClarke84/mealplannergo/pkg/handlers/handlers.go:100.2,100.24 1 1
github.com/JonClarke84/mealplannergo/pkg/handlers/handlers.go:100.24,103.17 3 1
github.com/JonClarke84/mealplannergo/pkg/handlers/handlers.go:103.17,107.4 3 0
github.com/JonClarke84/mealplannergo/pkg/handlers/handlers.go:108.3,109.57 2 1
github.com/JonClarke84/mealplannergo/pkg/handlers/handlers.go:113.2,113.26 1 1
github.com/JonClarke84/mealplannergo/pkg/handlers/handlers.go:113.26,115.59 2 1
github.com/JonClarke84/mealplannergo/pkg/handlers/handlers.go:115.59,118.4 2 0
github.com/JonClarke84/mealplannergo/pkg/handlers/handlers.go:119.3,120.17 2 1
github.com/JonClarke84/mealplannergo/pkg/handlers/handlers.go:120.17,124.4 3 0
github.com/JonClarke84/mealplannergo/pkg/handlers/handlers.go:126.3,127.57 2 1
github.com/JonClarke84/mealplannergo/pkg/handlers/handlers.go:132.83,133.38 1 1
github.com/JonClarke84/mealplannergo/pkg/handlers/handlers.go:133.38,137.3 3 0
github.com/JonClarke84/mealplannergo/pkg/handlers/handlers.go:138.2,141.31 3 1
github.com/JonClarke84/mealplannergo/pkg/handlers/handlers.go:141.31,144.8 3 1
github.com/JonClarke84/mealplannergo/pkg/handlers/handlers.go:147.2,148.16 2 1
github.com/JonClarke84/mealplannergo/pkg/handlers/handlers.go:148.16,152.3 3 0
github.com/JonClarke84/mealplannergo/pkg/handlers/handlers.go:154.2,155.16 2 1
github.com/JonClarke84/mealplannergo/pkg/handlers/handlers.go:155.16,158.3 2 0
github.com/JonClarke84/mealplannergo/pkg/handlers/handlers.go:159.2,159.65 1 1
github.com/JonClarke84/mealplannergo/pkg/handlers/handlers.go:163.83,164.33 1 1
github.com/JonClarke84/mealplannergo/pkg/handlers/handlers.go:164.33,167.3 2 0
github.com/JonClarke84/mealplannergo/pkg/handlers/handlers.go:169.2,171.16 3 1
github.com/JonClarke84/mealplannergo/pkg/handlers/handlers.go:171.16,174.3 2 0
github.com/JonClarke84/mealplannergo/pkg/handlers/handlers.go:177.2,178.16 2 1
github.com/JonClarke84/mealplannergo/pkg/handlers/handlers.go:178.16,181.3 2 0
github.com/JonClarke84/mealplannergo/pkg/handlers/handlers.go:183.2,185.67 3 1
github.com/JonClarke84/mealplannergo/pkg/handlers/handlers.go:189.83,190.38 1 1
github.com/JonClarke84/mealplannergo/pkg/handlers/handlers.go:190.38,194.3 3 0
github.com/JonClarke84/mealplannergo/pkg/handlers/handlers.go:196.2,198.31 3 1
github.com/JonClarke84/mealplannergo/pkg/handlers/handlers.go:198.31,201.8 3 1
github.com/JonClarke84/mealplannergo/pkg/handlers/handlers.go:204.2,205.16 2 1
github.com/JonClarke84/mealplannergo/pkg/handlers/handlers.go:205.16,209.3 3 0
github.com/JonClarke84/mealplannergo/pkg/handlers/handlers.go:211.2,212.65 2 1
github.com/JonClarke84/mealplannergo/pkg/db/mongodb.go:23.47,29.16 4 0
github.com/JonClarke84/mealplannergo/pkg/db/mongodb.go:29.16,31.3 1 0
github.com/JonClarke84/mealplannergo/pkg/db/mongodb.go:34.2,34.115 1 0
github.com/JonClarke84/mealplannergo/pkg/db/mongodb.go:34.115,36.3 1 0
github.com/JonClarke84/mealplannergo/pkg/db/mongodb.go:37.2,39.38 2 0
github.com/JonClarke84/mealplannergo/pkg/db/mongodb.go:43.72,53.16 4 0
github.com/JonClarke84/mealplannergo/pkg/db/mongodb.go:53.16,55.3 1 0
github.com/JonClarke84/mealplannergo/pkg/db/mongodb.go:58.2,59.45 2 0
github.com/JonClarke84/mealplannergo/pkg/db/mongodb.go:59.45,61.3 1 0
github.com/JonClarke84/mealplannergo/pkg/db/mongodb.go:64.2,65.40 2 0
github.com/JonClarke84/mealplannergo/pkg/db/mongodb.go:65.40,66.42 1 0
github.com/JonClarke84/mealplannergo/pkg/db/mongodb.go:66.42,68.4 1 0
github.com/JonClarke84/mealplannergo/pkg/db/mongodb.go:71.2,71.32 1 0
github.com/JonClarke84/mealplannergo/pkg/db/mongodb.go:75.95,77.16 2 0
github.com/JonClarke84/mealplannergo/pkg/db/mongodb.go:77.16,80.3 2 0
github.com/JonClarke84/mealplannergo/pkg/db/mongodb.go:81.2,81.36 1 0
github.com/JonClarke84/mealplannergo/pkg/db/mongodb.go:81.36,82.26 1 0
github.com/JonClarke84/mealplannergo/pkg/db/mongodb.go:82.26,84.4 1 0
github.com/JonClarke84/mealplannergo/pkg/db/mongodb.go:86.2,86.39 1 0
github.com/JonClarke84/mealplannergo/pkg/db/mongodb.go:90.61,95.16 5 0
github.com/JonClarke84/mealplannergo/pkg/db/mongodb.go:95.16,97.3 1 0
github.com/JonClarke84/mealplannergo/pkg/db/mongodb.go:98.2,98.12 1 0
github.com/JonClarke84/mealplannergo/pkg/db/mongodb.go:102.89,104.20 1 0
github.com/JonClarke84/mealplannergo/pkg/db/mongodb.go:104.20,106.3 1 0
github.com/JonClarke84/mealplannergo/pkg/db/mongodb.go:109.2,125.16 6 0
github.com/JonClarke84/mealplannergo/pkg/db/mongodb.go:125.16,128.3 2 0
github.com/JonClarke84/mealplannergo/pkg/db/mongodb.go:131.2,133.21 2 0
github.com/JonClarke84/mealplannergo/pkg/db/mongodb.go:137.77,144.16 4 0
github.com/JonClarke84/mealplannergo/pkg/db/mongodb.go:144.16,147.3 2 0
github.com/JonClarke84/mealplannergo/pkg/db/mongodb.go:149.2,149.12 1 0
github.com/JonClarke84/mealplannergo/pkg/db/mongodb.go:153.106,165.16 8 0
github.com/JonClarke84/mealplannergo/pkg/db/mongodb.go:165.16,168.3 2 0
github.com/JonClarke84/mealplannergo/pkg/db/mongodb.go:169.2,169.36 1 0
github.com/JonClarke84/mealplannergo/pkg/db/mongodb.go:169.36,170.27 1 0
github.com/JonClarke84/mealplannergo/pkg/db/mongodb.go:170.27,172.4 1 0
github.com/JonClarke84/mealplannergo/pkg/db/mongodb.go:174.2,174.30 1 0
github.com/JonClarke84/mealplannergo/pkg/db/mongodb.go:178.66,183.86 4 0
github.com/JonClarke84/mealplannergo/pkg/db/mongodb.go:183.86,186.3 2 0
github.com/JonClarke84/mealplannergo/pkg/db/mongodb.go:188.2,191.91 2 0
github.com/JonClarke84/mealplannergo/pkg/db/mongodb.go:191.91,194.3 2 0
github.com/JonClarke84/mealplannergo/pkg/db/mongodb.go:196.2,196.43 1 0
github.com/JonClarke84/mealplannergo/pkg/db/mongodb.go:196.43,200.87 3 0
github.com/JonClarke84/mealplannergo/pkg/db/mongodb.go:200.87,203.4 2 0
github.com/JonClarke84/mealplannergo/pkg/db/mongodb.go:206.2,206.12 1 0
github.com/JonClarke84/mealplannergo/pkg/db/mongodb.go:210.101,220.16 6 0
github.com/JonClarke84/mealplannergo/pkg/db/mongodb.go:220.16,224.3 3 0
github.com/JonClarke84/mealplannergo/pkg/db/mongodb.go:226.2,227.16 2 0
github.com/JonClarke84/mealplannergo/pkg/db/mongodb.go:227.16,230.3 2 0
github.com/JonClarke84/mealplannergo/pkg/db/mongodb.go:232.2,232.30 1 0
github.com/JonClarke84/mealplannergo/pkg/db/mongodb.go:236.58,243.16 5 0
github.com/JonClarke84/mealplannergo/pkg/db/mongodb.go:243.16,246.3 2 0
github.com/JonClarke84/mealplannergo/pkg/db/mongodb.go:247.2,247.22 1 0
github.com/JonClarke84/mealplannergo/pkg/db/mongodb.go:251.67,256.33 3 0
github.com/JonClarke84/mealplannergo/pkg/db/mongodb.go:256.33,258.17 2 0
github.com/JonClarke84/mealplannergo/pkg/db/mongodb.go:258.17,260.4 1 0
github.com/JonClarke84/mealplannergo/pkg/db/mongodb.go:261.3,261.42 1 0
github.com/JonClarke84/mealplannergo/pkg/db/mongodb.go:265.2,269.16 4 0
github.com/JonClarke84/mealplannergo/pkg/db/mongodb.go:269.16,272.3 2 0
github.com/JonClarke84/mealplannergo/pkg/db/mongodb.go:274.2,274.12 1 0
github.com/JonClarke84/mealplannergo/pkg/db/mongodb.go:278.27,280.2 1 0
github.com/JonClarke84/mealplannergo/cmd/server/main.go:12.13,15.20 2 0
github.com/JonClarke84/mealplannergo/cmd/server/main.go:15.20,18.3 2 0
github.com/JonClarke84/mealplannergo/cmd/server/main.go:21.2,22.16 2 0
github.com/JonClarke84/mealplannergo/cmd/server/main.go:22.16,25.3 2 0
github.com/JonClarke84/mealplannergo/cmd/server/main.go:26.2,46.59 13 0
github.com/JonClarke84/mealplannergo/cmd/server/main.go:46.59,49.3 2 0
github.com/JonClarke84/mealplannergo/pkg/db/tests/mockdb.go:18.71,21.2 2 1
github.com/JonClarke84/mealplannergo/pkg/db/tests/mockdb.go:24.94,27.2 2 0
github.com/JonClarke84/mealplannergo/pkg/db/tests/mockdb.go:30.60,33.2 2 1
github.com/JonClarke84/mealplannergo/pkg/db/tests/mockdb.go:36.88,39.2 2 1
github.com/JonClarke84/mealplannergo/pkg/db/tests/mockdb.go:42.76,45.2 2 0
github.com/JonClarke84/mealplannergo/pkg/db/tests/mockdb.go:48.105,51.2 2 1
github.com/JonClarke84/mealplannergo/pkg/db/tests/mockdb.go:54.65,57.2 2 0
github.com/JonClarke84/mealplannergo/pkg/db/tests/mockdb.go:60.100,63.2 2 1
github.com/JonClarke84/mealplannergo/pkg/db/tests/mockdb.go:66.57,69.2 2 1
github.com/JonClarke84/mealplannergo/pkg/db/tests/mockdb.go:72.66,75.2 2 1
github.com/JonClarke84/mealplannergo/pkg/db/tests/mockdb.go:78.26,80.2 1 0
